<?xml version="1.0" encoding="UTF-8"?>
<!-- Generated by org.testng.reporters.JUnitXMLReporter -->
<testsuite hostname="DESKTOP-U08J37N" ignored="0" name="Default test" tests="4" failures="0" timestamp="2020-01-27T19:46:59 CET" time="110.847" errors="0">
  <testcase name="loginToGuru99Page" time="4.615" classname="test.LoginPageTest"/>
  <testcase name="loginToGuru99Page" time="1.331" classname="test.LoginPageTest"/>
  <testcase name="loginToGuru99Page" time="3.389" classname="test.LoginPageTest"/>
  <testcase name="loginToGuru99Page" time="1.274" classname="test.LoginPageTest"/>
</testsuite> <!-- Default test -->
